<?xml version="1.0" encoding="utf-8"?><testsuite errors="0" failures="0" name="pytest" skips="0" tests="1" time="0.565"><testcase classname="tests.test_keios_gensim" file="tests/test_keios_gensim.py" line="8" name="test_request_response" time="0.271679162979126"></testcase></testsuite>